2022-02-20 21:12:59,295 - INFO - Zero Division Error
2022-02-20 21:14:14,409 - INFO - division by zero
02/20/2022 21:18:11 PM - INFO - division by zero
2022-02-20 22:25:00,676 - INFO - 'gbk' codec can't decode byte 0xa4 in position 81: illegal multibyte sequence
2022-02-20 22:27:09,027 - INFO - 'gbk' codec can't decode byte 0xa4 in position 81: illegal multibyte sequence
2022-02-20 22:33:20,839 - INFO - 'gbk' codec can't decode byte 0xa4 in position 81: illegal multibyte sequence
2022-02-20 22:38:22,457 - INFO - 'gbk' codec can't decode byte 0xa4 in position 81: illegal multibyte sequence
2022-02-20 22:38:22,459 - DEBUG - STREAM b'IHDR' 16 13
2022-02-20 22:38:22,459 - DEBUG - STREAM b'IDAT' 41 8192
2022-02-20 22:38:40,002 - INFO - 'gbk' codec can't decode byte 0xa4 in position 81: illegal multibyte sequence
2022-02-20 22:38:40,003 - DEBUG - STREAM b'IHDR' 16 13
2022-02-20 22:38:40,003 - DEBUG - STREAM b'IDAT' 41 8192
2022-02-20 22:38:53,260 - INFO - 'gbk' codec can't decode byte 0xa4 in position 81: illegal multibyte sequence
2022-02-20 22:38:53,262 - DEBUG - STREAM b'IHDR' 16 13
2022-02-20 22:38:53,262 - DEBUG - STREAM b'IDAT' 41 8192
2022-02-20 22:40:51,765 - INFO - 'gbk' codec can't decode byte 0xa4 in position 81: illegal multibyte sequence
2022-02-20 22:40:51,767 - DEBUG - STREAM b'IHDR' 16 13
2022-02-20 22:40:51,767 - DEBUG - STREAM b'IDAT' 41 8192
2022-02-20 22:42:47,745 - INFO - 'gbk' codec can't decode byte 0xa4 in position 81: illegal multibyte sequence
2022-02-20 22:42:47,746 - DEBUG - STREAM b'IHDR' 16 13
2022-02-20 22:42:47,746 - DEBUG - STREAM b'IDAT' 41 8192
2022-02-20 22:42:47,834 - DEBUG - findfont: Matching sans\-serif:style=normal:variant=normal:weight=normal:stretch=normal:size=10.0.
2022-02-20 22:42:47,834 - DEBUG - findfont: score(<Font 'cmmi10' (cmmi10.ttf) normal normal 400 normal>) = 10.05
2022-02-20 22:42:47,835 - DEBUG - findfont: score(<Font 'DejaVu Sans Mono' (DejaVuSansMono-Oblique.ttf) oblique normal 400 normal>) = 11.05
2022-02-20 22:42:47,835 - DEBUG - findfont: score(<Font 'DejaVu Sans' (DejaVuSans-Oblique.ttf) oblique normal 400 normal>) = 1.05
2022-02-20 22:42:47,835 - DEBUG - findfont: score(<Font 'STIXSizeFourSym' (STIXSizFourSymBol.ttf) normal normal 700 normal>) = 10.335
2022-02-20 22:42:47,835 - DEBUG - findfont: score(<Font 'DejaVu Sans' (DejaVuSans-Bold.ttf) normal normal 700 normal>) = 0.33499999999999996
2022-02-20 22:42:47,835 - DEBUG - findfont: score(<Font 'cmr10' (cmr10.ttf) normal normal 400 normal>) = 10.05
2022-02-20 22:42:47,835 - DEBUG - findfont: score(<Font 'DejaVu Serif' (DejaVuSerif-Italic.ttf) italic normal 400 normal>) = 11.05
2022-02-20 22:42:47,835 - DEBUG - findfont: score(<Font 'STIXGeneral' (STIXGeneralBol.ttf) normal normal 700 normal>) = 10.335
2022-02-20 22:42:47,835 - DEBUG - findfont: score(<Font 'cmtt10' (cmtt10.ttf) normal normal 400 normal>) = 10.05
2022-02-20 22:42:47,835 - DEBUG - findfont: score(<Font 'cmex10' (cmex10.ttf) normal normal 400 normal>) = 10.05
2022-02-20 22:42:47,835 - DEBUG - findfont: score(<Font 'DejaVu Sans Display' (DejaVuSansDisplay.ttf) normal normal 400 normal>) = 10.05
2022-02-20 22:42:47,835 - DEBUG - findfont: score(<Font 'STIXNonUnicode' (STIXNonUniIta.ttf) italic normal 400 normal>) = 11.05
2022-02-20 22:42:47,835 - DEBUG - findfont: score(<Font 'DejaVu Serif' (DejaVuSerif-Bold.ttf) normal normal 700 normal>) = 10.335
2022-02-20 22:42:47,835 - DEBUG - findfont: score(<Font 'STIXNonUnicode' (STIXNonUniBolIta.ttf) italic normal 700 normal>) = 11.335
2022-02-20 22:42:47,835 - DEBUG - findfont: score(<Font 'cmsy10' (cmsy10.ttf) normal normal 400 normal>) = 10.05
2022-02-20 22:42:47,835 - DEBUG - findfont: score(<Font 'cmss10' (cmss10.ttf) normal normal 400 normal>) = 10.05
2022-02-20 22:42:47,835 - DEBUG - findfont: score(<Font 'STIXSizeFourSym' (STIXSizFourSymReg.ttf) normal normal 400 normal>) = 10.05
2022-02-20 22:42:47,835 - DEBUG - findfont: score(<Font 'STIXGeneral' (STIXGeneral.ttf) normal normal 400 normal>) = 10.05
2022-02-20 22:42:47,835 - DEBUG - findfont: score(<Font 'STIXSizeFiveSym' (STIXSizFiveSymReg.ttf) normal normal 400 normal>) = 10.05
2022-02-20 22:42:47,836 - DEBUG - findfont: score(<Font 'STIXSizeOneSym' (STIXSizOneSymBol.ttf) normal normal 700 normal>) = 10.335
2022-02-20 22:42:47,836 - DEBUG - findfont: score(<Font 'DejaVu Serif' (DejaVuSerif-BoldItalic.ttf) italic normal 700 normal>) = 11.335
2022-02-20 22:42:47,836 - DEBUG - findfont: score(<Font 'STIXSizeThreeSym' (STIXSizThreeSymReg.ttf) normal normal 400 normal>) = 10.05
2022-02-20 22:42:47,836 - DEBUG - findfont: score(<Font 'STIXSizeTwoSym' (STIXSizTwoSymReg.ttf) normal normal 400 normal>) = 10.05
2022-02-20 22:42:47,836 - DEBUG - findfont: score(<Font 'STIXNonUnicode' (STIXNonUni.ttf) normal normal 400 normal>) = 10.05
2022-02-20 22:42:47,836 - DEBUG - findfont: score(<Font 'DejaVu Serif Display' (DejaVuSerifDisplay.ttf) normal normal 400 normal>) = 10.05
2022-02-20 22:42:47,836 - DEBUG - findfont: score(<Font 'DejaVu Sans' (DejaVuSans-BoldOblique.ttf) oblique normal 700 normal>) = 1.335
2022-02-20 22:42:47,836 - DEBUG - findfont: score(<Font 'cmb10' (cmb10.ttf) normal normal 400 normal>) = 10.05
2022-02-20 22:42:47,836 - DEBUG - findfont: score(<Font 'STIXSizeTwoSym' (STIXSizTwoSymBol.ttf) normal normal 700 normal>) = 10.335
2022-02-20 22:42:47,836 - DEBUG - findfont: score(<Font 'DejaVu Serif' (DejaVuSerif.ttf) normal normal 400 normal>) = 10.05
2022-02-20 22:42:47,836 - DEBUG - findfont: score(<Font 'STIXGeneral' (STIXGeneralBolIta.ttf) italic normal 700 normal>) = 11.335
2022-02-20 22:42:47,836 - DEBUG - findfont: score(<Font 'DejaVu Sans Mono' (DejaVuSansMono.ttf) normal normal 400 normal>) = 10.05
2022-02-20 22:42:47,836 - DEBUG - findfont: score(<Font 'STIXGeneral' (STIXGeneralItalic.ttf) italic normal 400 normal>) = 11.05
2022-02-20 22:42:47,836 - DEBUG - findfont: score(<Font 'DejaVu Sans Mono' (DejaVuSansMono-BoldOblique.ttf) oblique normal 700 normal>) = 11.335
2022-02-20 22:42:47,836 - DEBUG - findfont: score(<Font 'STIXSizeOneSym' (STIXSizOneSymReg.ttf) normal normal 400 normal>) = 10.05
2022-02-20 22:42:47,836 - DEBUG - findfont: score(<Font 'STIXSizeThreeSym' (STIXSizThreeSymBol.ttf) normal normal 700 normal>) = 10.335
2022-02-20 22:42:47,836 - DEBUG - findfont: score(<Font 'DejaVu Sans Mono' (DejaVuSansMono-Bold.ttf) normal normal 700 normal>) = 10.335
2022-02-20 22:42:47,836 - DEBUG - findfont: score(<Font 'STIXNonUnicode' (STIXNonUniBol.ttf) normal normal 700 normal>) = 10.335
2022-02-20 22:42:47,836 - DEBUG - findfont: score(<Font 'DejaVu Sans' (DejaVuSans.ttf) normal normal 400 normal>) = 0.05
2022-02-20 22:42:47,837 - DEBUG - findfont: score(<Font 'ESRI AMFM Water' (esri_153.ttf) normal normal 400 normal>) = 10.05
2022-02-20 22:42:47,837 - DEBUG - findfont: score(<Font 'Wingdings' (wingding.ttf) normal normal 400 normal>) = 10.05
2022-02-20 22:42:47,837 - DEBUG - findfont: score(<Font 'ESRI NIMA City Graphic PT' (esri_16.ttf) normal normal 400 normal>) = 10.05
2022-02-20 22:42:47,837 - DEBUG - findfont: score(<Font 'Segoe UI' (seguisli.ttf) italic normal 350 normal>) = 11.0975
2022-02-20 22:42:47,837 - DEBUG - findfont: score(<Font 'Georgia' (georgiai.ttf) italic normal 400 normal>) = 11.05
2022-02-20 22:42:47,837 - DEBUG - findfont: score(<Font 'Candara' (Candara.ttf) normal normal 400 normal>) = 10.05
2022-02-20 22:42:47,837 - DEBUG - findfont: score(<Font 'Calibri' (calibrili.ttf) italic normal 300 normal>) = 11.145
2022-02-20 22:42:47,837 - DEBUG - findfont: score(<Font 'Mongolian Baiti' (monbaiti.ttf) normal normal 400 normal>) = 10.05
2022-02-20 22:42:47,837 - DEBUG - findfont: score(<Font 'Times New Roman' (timesbd.ttf) normal normal 700 normal>) = 10.335
2022-02-20 22:42:47,837 - DEBUG - findfont: score(<Font 'Dubai' (DUBAI-REGULAR.TTF) normal normal 400 normal>) = 10.05
2022-02-20 22:42:47,837 - DEBUG - findfont: score(<Font 'Century' (CENTURY.TTF) normal normal 400 normal>) = 10.05
2022-02-20 22:42:47,837 - DEBUG - findfont: score(<Font 'ESRI Caves 2' (esri_376.ttf) normal normal 400 normal>) = 10.05
2022-02-20 22:42:47,837 - DEBUG - findfont: score(<Font 'Wingdings 2' (WINGDNG2.TTF) normal normal 400 normal>) = 10.05
2022-02-20 22:42:47,837 - DEBUG - findfont: score(<Font 'ESRI Dimensioning' (esri_39.ttf) normal normal 400 normal>) = 10.05
2022-02-20 22:42:47,837 - DEBUG - findfont: score(<Font 'ESRI NIMA VMAP1&2 LN' (esri_15.ttf) normal normal 400 normal>) = 10.05
2022-02-20 22:42:47,837 - DEBUG - findfont: score(<Font 'Microsoft New Tai Lue' (ntailub.ttf) normal normal 700 normal>) = 10.335
2022-02-20 22:42:47,837 - DEBUG - findfont: score(<Font 'Microsoft JhengHei' (msjh.ttc) normal normal 400 normal>) = 10.05
2022-02-20 22:42:47,838 - DEBUG - findfont: score(<Font 'Trebuchet MS' (trebucit.ttf) italic normal 400 normal>) = 11.05
2022-02-20 22:42:47,838 - DEBUG - findfont: score(<Font 'Georgia' (georgiaz.ttf) italic normal 700 normal>) = 11.335
2022-02-20 22:42:47,838 - DEBUG - findfont: score(<Font 'STXingkai' (STXINGKA.TTF) normal normal 400 normal>) = 10.05
2022-02-20 22:42:47,838 - DEBUG - findfont: score(<Font 'Microsoft Himalaya' (himalaya.ttf) normal normal 400 normal>) = 10.05
2022-02-20 22:42:47,838 - DEBUG - findfont: score(<Font 'ESRI Mil2525C Modifiers' (esri_27Mcr_2.ttf) normal normal 400 normal>) = 10.05
2022-02-20 22:42:47,838 - DEBUG - findfont: score(<Font 'Lucida Sans Unicode' (l_10646.ttf) normal normal 400 normal>) = 10.05
2022-02-20 22:42:47,838 - DEBUG - findfont: score(<Font 'ESRI NIMA DNC LN' (esri_13.ttf) normal normal 400 normal>) = 10.05
2022-02-20 22:42:47,838 - DEBUG - findfont: score(<Font 'Microsoft Tai Le' (taile.ttf) normal normal 400 normal>) = 10.05
2022-02-20 22:42:47,838 - DEBUG - findfont: score(<Font 'Book Antiqua' (ANTQUABI.TTF) italic normal 700 normal>) = 11.335
2022-02-20 22:42:47,838 - DEBUG - findfont: score(<Font 'Corbel' (corbeli.ttf) italic normal 400 normal>) = 11.05
2022-02-20 22:42:47,838 - DEBUG - findfont: score(<Font 'Segoe UI Historic' (seguihis.ttf) normal normal 400 normal>) = 10.05
2022-02-20 22:42:47,838 - DEBUG - findfont: score(<Font 'ESRI Fire Incident NFPA' (esri_804.ttf) normal normal 400 normal>) = 10.05
2022-02-20 22:42:47,838 - DEBUG - findfont: score(<Font 'Arial' (ariali.ttf) italic normal 400 normal>) = 7.413636363636363
2022-02-20 22:42:47,838 - DEBUG - findfont: score(<Font 'Webdings' (webdings.ttf) normal normal 400 normal>) = 10.05
2022-02-20 22:42:47,838 - DEBUG - findfont: score(<Font 'Candara' (Candarai.ttf) italic normal 400 normal>) = 11.05
2022-02-20 22:42:47,838 - DEBUG - findfont: score(<Font 'ESRI Shields' (esri_44.ttf) normal normal 400 normal>) = 10.05
2022-02-20 22:42:47,838 - DEBUG - findfont: score(<Font 'FangSong' (simfang.ttf) normal normal 400 normal>) = 10.05
2022-02-20 22:42:47,838 - DEBUG - findfont: score(<Font 'Arial' (ariblk.ttf) normal normal 900 normal>) = 6.888636363636364
2022-02-20 22:42:47,838 - DEBUG - findfont: score(<Font 'Arial' (ARIALN.TTF) normal normal 400 condensed>) = 6.613636363636363
2022-02-20 22:42:47,838 - DEBUG - findfont: score(<Font 'Malgun Gothic' (malgunsl.ttf) normal normal 300 normal>) = 10.145
2022-02-20 22:42:47,838 - DEBUG - findfont: score(<Font 'STSong' (STSONG.TTF) normal normal 400 normal>) = 10.05
2022-02-20 22:42:47,839 - DEBUG - findfont: score(<Font 'MT Extra' (MTEXTRA.TTF) normal normal 400 normal>) = 10.05
2022-02-20 22:42:47,839 - DEBUG - findfont: score(<Font 'Leelawadee' (LEELAWDB.TTF) normal normal 700 normal>) = 10.335
2022-02-20 22:42:47,839 - DEBUG - findfont: score(<Font 'Palatino Linotype' (pala.ttf) normal normal 400 normal>) = 10.05
2022-02-20 22:42:47,839 - DEBUG - findfont: score(<Font 'Palatino Linotype' (palab.ttf) normal normal 700 normal>) = 10.335
2022-02-20 22:42:47,839 - DEBUG - findfont: score(<Font 'MingLiU-ExtB' (mingliub.ttc) normal normal 400 normal>) = 10.05
2022-02-20 22:42:47,839 - DEBUG - findfont: score(<Font 'Sitka Small' (SitkaB.ttc) normal normal 700 normal>) = 10.335
2022-02-20 22:42:47,839 - DEBUG - findfont: score(<Font 'STFangsong' (STFANGSO.TTF) normal normal 400 normal>) = 10.05
2022-02-20 22:42:47,839 - DEBUG - findfont: score(<Font 'ESRI SDS 1.95 2' (esri_131.ttf) normal normal 400 normal>) = 10.05
2022-02-20 22:42:47,839 - DEBUG - findfont: score(<Font 'ESRI North' (esri_40.ttf) normal normal 400 normal>) = 10.05
2022-02-20 22:42:47,839 - DEBUG - findfont: score(<Font 'ESRI Meteorological 01' (esri_105.ttf) normal normal 400 normal>) = 10.05
2022-02-20 22:42:47,839 - DEBUG - findfont: score(<Font 'ESRI Geometric Symbols' (esri_3.ttf) normal normal 400 normal>) = 10.05
2022-02-20 22:42:47,839 - DEBUG - findfont: score(<Font 'Comic Sans MS' (comici.ttf) italic normal 400 normal>) = 11.05
2022-02-20 22:42:47,839 - DEBUG - findfont: score(<Font 'ESRI Enviro Hazard Incident' (esri_800.ttf) normal normal 400 normal>) = 10.05
2022-02-20 22:42:47,839 - DEBUG - findfont: score(<Font 'Trebuchet MS' (trebuc.ttf) normal normal 400 normal>) = 10.05
2022-02-20 22:42:47,839 - DEBUG - findfont: score(<Font 'ESRI ERS Operations S1' (esri_837.ttf) normal normal 400 normal>) = 10.05
2022-02-20 22:42:47,839 - DEBUG - findfont: score(<Font 'Microsoft JhengHei' (msjhl.ttc) normal normal 290 normal>) = 10.1545
2022-02-20 22:42:47,839 - DEBUG - findfont: score(<Font 'Verdana' (verdanab.ttf) normal normal 700 normal>) = 3.9713636363636367
2022-02-20 22:42:47,839 - DEBUG - findfont: score(<Font 'Palatino Linotype' (palai.ttf) italic normal 400 normal>) = 11.05
2022-02-20 22:42:47,839 - DEBUG - findfont: score(<Font 'Tahoma' (tahomabd.ttf) normal normal 700 normal>) = 10.335
2022-02-20 22:42:47,840 - DEBUG - findfont: score(<Font 'ESRI Hydrants' (esri_159.ttf) normal normal 400 normal>) = 10.05
2022-02-20 22:42:47,840 - DEBUG - findfont: score(<Font 'ESRI Pipeline US 1' (esri_161.ttf) normal normal 400 normal>) = 10.05
2022-02-20 22:42:47,840 - DEBUG - findfont: score(<Font 'ESRI SDS 2.00 2' (esri_133.ttf) normal normal 400 normal>) = 10.05
2022-02-20 22:42:47,840 - DEBUG - findfont: score(<Font 'ESRI ArcPad' (esri_30s.ttf) normal normal 400 normal>) = 10.05
2022-02-20 22:42:47,840 - DEBUG - findfont: score(<Font 'Constantia' (constanz.ttf) italic normal 700 normal>) = 11.335
2022-02-20 22:42:47,840 - DEBUG - findfont: score(<Font 'STXinwei' (STXINWEI.TTF) normal normal 400 normal>) = 10.05
2022-02-20 22:42:47,840 - DEBUG - findfont: score(<Font 'ESRI Transportation & Civic' (esri_9.ttf) normal normal 400 normal>) = 10.05
2022-02-20 22:42:47,840 - DEBUG - findfont: score(<Font 'Comic Sans MS' (comic.ttf) normal normal 400 normal>) = 10.05
2022-02-20 22:42:47,840 - DEBUG - findfont: score(<Font 'ESRI Weather' (esri_5.ttf) normal normal 400 normal>) = 10.05
2022-02-20 22:42:47,840 - DEBUG - findfont: score(<Font 'ESRI Caves 1' (esri_375.ttf) normal normal 400 normal>) = 10.05
2022-02-20 22:42:47,840 - DEBUG - findfont: score(<Font 'Arial' (ARIALNBI.TTF) italic normal 700 condensed>) = 7.8986363636363635
2022-02-20 22:42:47,840 - DEBUG - findfont: score(<Font 'Georgia' (georgiab.ttf) normal normal 700 normal>) = 10.335
2022-02-20 22:42:47,840 - DEBUG - findfont: score(<Font 'ESRI Hazardous Materials' (esri_803.ttf) normal normal 400 normal>) = 10.05
2022-02-20 22:42:47,840 - DEBUG - findfont: score(<Font 'ESRI IGL Font16' (esri_216.ttf) normal normal 400 normal>) = 10.05
2022-02-20 22:42:47,840 - DEBUG - findfont: score(<Font 'Symbol' (symbol.ttf) normal normal 400 normal>) = 10.05
2022-02-20 22:42:47,840 - DEBUG - findfont: score(<Font 'ESRI MilSym 01' (esri_21.ttf) normal normal 400 normal>) = 10.05
2022-02-20 22:42:47,840 - DEBUG - findfont: score(<Font 'STKaiti' (STKAITI.TTF) normal normal 400 normal>) = 10.05
2022-02-20 22:42:47,840 - DEBUG - findfont: score(<Font 'Malgun Gothic' (malgun.ttf) normal normal 400 normal>) = 10.05
2022-02-20 22:42:47,840 - DEBUG - findfont: score(<Font 'Gadugi' (gadugi.ttf) normal normal 400 normal>) = 10.05
2022-02-20 22:42:47,840 - DEBUG - findfont: score(<Font 'Corbel' (corbel.ttf) normal normal 400 normal>) = 10.05
2022-02-20 22:42:47,841 - DEBUG - findfont: score(<Font 'Times New Roman' (times.ttf) normal normal 400 normal>) = 10.05
2022-02-20 22:42:47,841 - DEBUG - findfont: score(<Font 'Century Gothic' (GOTHICB.TTF) normal normal 700 normal>) = 10.335
2022-02-20 22:42:47,841 - DEBUG - findfont: score(<Font 'Microsoft New Tai Lue' (ntailu.ttf) normal normal 400 normal>) = 10.05
2022-02-20 22:42:47,841 - DEBUG - findfont: score(<Font 'Lucida Console' (lucon.ttf) normal normal 400 normal>) = 10.05
2022-02-20 22:42:47,841 - DEBUG - findfont: score(<Font 'Segoe UI' (segoeuiz.ttf) italic normal 700 normal>) = 11.335
2022-02-20 22:42:47,841 - DEBUG - findfont: score(<Font 'Calibri' (calibrib.ttf) normal normal 700 normal>) = 10.335
2022-02-20 22:42:47,841 - DEBUG - findfont: score(<Font 'ESRI NIMA DNC PT' (esri_12.ttf) normal normal 400 normal>) = 10.05
2022-02-20 22:42:47,841 - DEBUG - findfont: score(<Font 'Arial' (arialbd.ttf) normal normal 700 normal>) = 6.698636363636363
2022-02-20 22:42:47,841 - DEBUG - findfont: score(<Font 'ESRI Enviro Hazard Analysis' (esri_801.ttf) normal normal 400 normal>) = 10.05
2022-02-20 22:42:47,841 - DEBUG - findfont: score(<Font 'Ink Free' (Inkfree.ttf) normal normal 400 normal>) = 10.05
2022-02-20 22:42:47,841 - DEBUG - findfont: score(<Font 'Segoe UI' (segoeuil.ttf) normal normal 300 normal>) = 10.145
2022-02-20 22:42:47,841 - DEBUG - findfont: score(<Font 'Garamond' (GARA.TTF) normal normal 400 normal>) = 10.05
2022-02-20 22:42:47,841 - DEBUG - findfont: score(<Font 'SimSun-ExtB' (simsunb.ttf) normal normal 400 normal>) = 10.05
2022-02-20 22:42:47,841 - DEBUG - findfont: score(<Font 'MS Gothic' (msgothic.ttc) normal normal 400 normal>) = 10.05
2022-02-20 22:42:47,841 - DEBUG - findfont: score(<Font 'ESRI AMFM Sewer' (esri_152.ttf) normal normal 400 normal>) = 10.05
2022-02-20 22:42:47,841 - DEBUG - findfont: score(<Font 'FZYaoTi' (FZYTK.TTF) normal normal 400 normal>) = 10.05
2022-02-20 22:42:47,841 - DEBUG - findfont: score(<Font 'Courier New' (cour.ttf) normal normal 400 normal>) = 10.05
2022-02-20 22:42:47,841 - DEBUG - findfont: score(<Font 'Myanmar Text' (mmrtextb.ttf) normal normal 700 normal>) = 10.335
2022-02-20 22:42:47,841 - DEBUG - findfont: score(<Font 'ESRI Default Marker' (esri_11.ttf) normal normal 400 normal>) = 10.05
2022-02-20 22:42:47,841 - DEBUG - findfont: score(<Font 'STXihei' (STXIHEI.TTF) normal normal 400 normal>) = 10.05
2022-02-20 22:42:47,842 - DEBUG - findfont: score(<Font 'ESRI MilMod 02' (esri_19.ttf) normal normal 400 normal>) = 10.05
2022-02-20 22:42:47,842 - DEBUG - findfont: score(<Font 'FZShuTi' (FZSTK.TTF) normal normal 400 normal>) = 10.05
2022-02-20 22:42:47,842 - DEBUG - findfont: score(<Font 'Microsoft PhagsPa' (phagspab.ttf) normal normal 700 normal>) = 10.335
2022-02-20 22:42:47,842 - DEBUG - findfont: score(<Font 'Constantia' (constan.ttf) normal normal 400 normal>) = 10.05
2022-02-20 22:42:47,842 - DEBUG - findfont: score(<Font 'ESRI US MUTCD 2' (esri_48.ttf) normal normal 400 normal>) = 10.05
2022-02-20 22:42:47,842 - DEBUG - findfont: score(<Font 'ESRI Oil, Gas, & Water' (esri_4.ttf) normal normal 400 normal>) = 10.05
2022-02-20 22:42:47,842 - DEBUG - findfont: score(<Font 'ESRI Elements' (esri_405.ttf) normal normal 400 normal>) = 10.05
2022-02-20 22:42:47,842 - DEBUG - findfont: score(<Font 'Garamond' (GARABD.TTF) normal normal 700 normal>) = 10.335
2022-02-20 22:42:47,842 - DEBUG - findfont: score(<Font 'Yu Gothic' (YuGothB.ttc) normal normal 700 normal>) = 10.335
2022-02-20 22:42:47,842 - DEBUG - findfont: score(<Font 'Calibri' (calibril.ttf) normal normal 300 normal>) = 10.145
2022-02-20 22:42:47,842 - DEBUG - findfont: score(<Font 'Trebuchet MS' (trebucbi.ttf) italic normal 700 normal>) = 11.335
2022-02-20 22:42:47,842 - DEBUG - findfont: score(<Font 'SimSun' (simsun.ttc) normal normal 400 normal>) = 10.05
2022-02-20 22:42:47,842 - DEBUG - findfont: score(<Font 'Constantia' (constanb.ttf) normal normal 700 normal>) = 10.335
2022-02-20 22:42:47,842 - DEBUG - findfont: score(<Font 'ESRI Climate & Precipitation' (esri_33.ttf) normal normal 400 normal>) = 10.05
2022-02-20 22:42:47,842 - DEBUG - findfont: score(<Font 'MS Reference Specialty' (REFSPCL.TTF) normal normal 400 normal>) = 10.05
2022-02-20 22:42:47,842 - DEBUG - findfont: score(<Font 'Verdana' (verdana.ttf) normal normal 400 normal>) = 3.6863636363636365
2022-02-20 22:42:47,842 - DEBUG - findfont: score(<Font 'ESRI Caves 3' (esri_377.ttf) normal normal 400 normal>) = 10.05
2022-02-20 22:42:47,842 - DEBUG - findfont: score(<Font 'Dubai' (DUBAI-MEDIUM.TTF) normal normal 500 normal>) = 10.145
2022-02-20 22:42:47,842 - DEBUG - findfont: score(<Font 'ESRI Crime Analysis' (esri_8.ttf) normal normal 400 normal>) = 10.05
2022-02-20 22:42:47,842 - DEBUG - findfont: score(<Font 'Comic Sans MS' (comicbd.ttf) normal normal 700 normal>) = 10.335
2022-02-20 22:42:47,843 - DEBUG - findfont: score(<Font 'Bookman Old Style' (BOOKOSB.TTF) normal normal 600 normal>) = 10.24
2022-02-20 22:42:47,843 - DEBUG - findfont: score(<Font 'Palatino Linotype' (palabi.ttf) italic normal 700 normal>) = 11.335
2022-02-20 22:42:47,843 - DEBUG - findfont: score(<Font 'Segoe UI' (segoeuib.ttf) normal normal 700 normal>) = 10.335
2022-02-20 22:42:47,843 - DEBUG - findfont: score(<Font 'Georgia' (georgia.ttf) normal normal 400 normal>) = 10.05
2022-02-20 22:42:47,843 - DEBUG - findfont: score(<Font 'Tahoma' (tahoma.ttf) normal normal 400 normal>) = 10.05
2022-02-20 22:42:47,843 - DEBUG - findfont: score(<Font 'Segoe UI Emoji' (seguiemj.ttf) normal normal 400 normal>) = 10.05
2022-02-20 22:42:47,843 - DEBUG - findfont: score(<Font 'ESRI US MUTCD 1' (esri_47.ttf) normal normal 400 normal>) = 10.05
2022-02-20 22:42:47,843 - DEBUG - findfont: score(<Font 'Myanmar Text' (mmrtext.ttf) normal normal 400 normal>) = 10.05
2022-02-20 22:42:47,843 - DEBUG - findfont: score(<Font 'Ebrima' (ebrima.ttf) normal normal 400 normal>) = 10.05
2022-02-20 22:42:47,843 - DEBUG - findfont: score(<Font 'ESRI IGL Font21' (esri_221.ttf) normal normal 400 normal>) = 10.05
2022-02-20 22:42:47,843 - DEBUG - findfont: score(<Font 'Times New Roman' (timesi.ttf) italic normal 400 normal>) = 11.05
2022-02-20 22:42:47,843 - DEBUG - findfont: score(<Font 'DengXian' (Deng.ttf) normal normal 400 normal>) = 10.05
2022-02-20 22:42:47,843 - DEBUG - findfont: score(<Font 'Segoe UI' (seguisbi.ttf) italic normal 600 normal>) = 11.24
2022-02-20 22:42:47,843 - DEBUG - findfont: score(<Font 'Gabriola' (Gabriola.ttf) normal normal 400 normal>) = 10.05
2022-02-20 22:42:47,843 - DEBUG - findfont: score(<Font 'Garamond' (GARAIT.TTF) italic normal 400 normal>) = 11.05
2022-02-20 22:42:47,843 - DEBUG - findfont: score(<Font 'Candara' (Candaral.ttf) normal normal 400 normal>) = 10.05
2022-02-20 22:42:47,843 - DEBUG - findfont: score(<Font 'Candara' (Candarali.ttf) italic normal 400 normal>) = 11.05
2022-02-20 22:42:47,843 - DEBUG - findfont: score(<Font 'Leelawadee' (LEELAWAD.TTF) normal normal 400 normal>) = 10.05
2022-02-20 22:42:47,843 - DEBUG - findfont: score(<Font 'ESRI Cartography' (esri_1.ttf) normal normal 400 normal>) = 10.05
2022-02-20 22:42:47,843 - DEBUG - findfont: score(<Font 'Segoe UI' (segoeuisl.ttf) normal normal 350 normal>) = 10.0975
2022-02-20 22:42:47,844 - DEBUG - findfont: score(<Font 'Cambria' (cambriab.ttf) normal normal 700 normal>) = 10.335
2022-02-20 22:42:47,844 - DEBUG - findfont: score(<Font 'Segoe UI' (segoeuii.ttf) italic normal 400 normal>) = 11.05
2022-02-20 22:42:47,844 - DEBUG - findfont: score(<Font 'Segoe Print' (segoepr.ttf) normal normal 400 normal>) = 10.05
2022-02-20 22:42:47,844 - DEBUG - findfont: score(<Font 'ESRI AMFM Electric' (esri_150.ttf) normal normal 400 normal>) = 10.05
2022-02-20 22:42:47,844 - DEBUG - findfont: score(<Font 'Yu Gothic' (YuGothR.ttc) normal normal 400 normal>) = 10.05
2022-02-20 22:42:47,844 - DEBUG - findfont: score(<Font 'Sitka Small' (Sitka.ttc) normal normal 400 normal>) = 10.05
2022-02-20 22:42:47,844 - DEBUG - findfont: score(<Font 'STZhongsong' (STZHONGS.TTF) normal normal 400 normal>) = 10.05
2022-02-20 22:42:47,844 - DEBUG - findfont: score(<Font 'ESRI Public1' (esri_29.ttf) normal normal 400 normal>) = 10.05
2022-02-20 22:42:47,844 - DEBUG - findfont: score(<Font 'DengXian' (Dengb.ttf) normal normal 700 normal>) = 10.335
2022-02-20 22:42:47,844 - DEBUG - findfont: score(<Font 'Arial' (arialbi.ttf) italic normal 700 normal>) = 7.698636363636363
2022-02-20 22:42:47,844 - DEBUG - findfont: score(<Font 'ESRI Geology' (esri_7.ttf) normal normal 400 normal>) = 10.05
2022-02-20 22:42:47,844 - DEBUG - findfont: score(<Font 'Nirmala UI' (NirmalaB.ttf) normal normal 700 normal>) = 10.335
2022-02-20 22:42:47,844 - DEBUG - findfont: score(<Font 'Segoe Script' (segoesc.ttf) normal normal 400 normal>) = 10.05
2022-02-20 22:42:47,844 - DEBUG - findfont: score(<Font 'Cambria' (cambriai.ttf) italic normal 400 normal>) = 11.05
2022-02-20 22:42:47,844 - DEBUG - findfont: score(<Font 'ESRI US Forestry 1' (esri_651.ttf) normal normal 400 normal>) = 10.05
2022-02-20 22:42:47,844 - DEBUG - findfont: score(<Font 'Arial' (arial.ttf) normal normal 400 normal>) = 6.413636363636363
2022-02-20 22:42:47,844 - DEBUG - findfont: score(<Font 'Consolas' (consola.ttf) normal normal 400 normal>) = 10.05
2022-02-20 22:42:47,844 - DEBUG - findfont: score(<Font 'ESRI IGL Font22' (esri_222.ttf) normal normal 400 normal>) = 10.05
2022-02-20 22:42:47,844 - DEBUG - findfont: score(<Font 'Candara' (Candarab.ttf) normal normal 700 normal>) = 10.335
2022-02-20 22:42:47,844 - DEBUG - findfont: score(<Font 'Segoe UI' (seguisb.ttf) normal normal 600 normal>) = 10.24
2022-02-20 22:42:47,845 - DEBUG - findfont: score(<Font 'Adobe Devanagari' (AdobeDevanagari-Regular.otf) normal normal 400 normal>) = 10.05
2022-02-20 22:42:47,845 - DEBUG - findfont: score(<Font 'Calibri' (calibri.ttf) normal normal 400 normal>) = 10.05
2022-02-20 22:42:47,845 - DEBUG - findfont: score(<Font 'Bahnschrift' (bahnschrift.ttf) normal normal 400 normal>) = 10.05
2022-02-20 22:42:47,845 - DEBUG - findfont: score(<Font 'ESRI NIMA City Graphic LN' (esri_17.ttf) normal normal 400 normal>) = 10.05
2022-02-20 22:42:47,845 - DEBUG - findfont: score(<Font 'Microsoft YaHei' (msyh.ttf) normal normal 400 normal>) = 10.05
2022-02-20 22:42:47,845 - DEBUG - findfont: score(<Font 'ESRI Surveyor' (esri_149.ttf) normal normal 400 normal>) = 10.05
2022-02-20 22:42:47,845 - DEBUG - findfont: score(<Font 'Leelawadee UI' (LeelawUI.ttf) normal normal 400 normal>) = 10.05
2022-02-20 22:42:47,845 - DEBUG - findfont: score(<Font 'MV Boli' (mvboli.ttf) normal normal 400 normal>) = 10.05
2022-02-20 22:42:47,845 - DEBUG - findfont: score(<Font 'Calibri' (calibrii.ttf) italic normal 400 normal>) = 11.05
2022-02-20 22:42:47,845 - DEBUG - findfont: score(<Font 'Bookman Old Style' (BOOKOS.TTF) normal normal 300 normal>) = 10.145
2022-02-20 22:42:47,845 - DEBUG - findfont: score(<Font 'Verdana' (verdanai.ttf) italic normal 400 normal>) = 4.6863636363636365
2022-02-20 22:42:47,845 - DEBUG - findfont: score(<Font 'Segoe UI' (seguibl.ttf) normal normal 900 normal>) = 10.525
2022-02-20 22:42:47,845 - DEBUG - findfont: score(<Font 'ESRI Business' (esri_34.ttf) normal normal 400 normal>) = 10.05
2022-02-20 22:42:47,845 - DEBUG - findfont: score(<Font 'KaiTi' (simkai.ttf) normal normal 400 normal>) = 10.05
2022-02-20 22:42:47,845 - DEBUG - findfont: score(<Font 'Yu Gothic' (YuGothL.ttc) normal normal 300 normal>) = 10.145
2022-02-20 22:42:47,845 - DEBUG - findfont: score(<Font 'Corbel' (corbelli.ttf) italic normal 300 normal>) = 11.145
2022-02-20 22:42:47,845 - DEBUG - findfont: score(<Font 'Century Gothic' (GOTHICI.TTF) italic normal 400 normal>) = 11.05
2022-02-20 22:42:47,845 - DEBUG - findfont: score(<Font 'Segoe MDL2 Assets' (segmdl2.ttf) normal normal 400 normal>) = 10.05
2022-02-20 22:42:47,845 - DEBUG - findfont: score(<Font 'ESRI Geology USGS 95-525' (esri_400.ttf) normal normal 400 normal>) = 10.05
2022-02-20 22:42:47,845 - DEBUG - findfont: score(<Font 'Leelawadee UI' (LeelaUIb.ttf) normal normal 700 normal>) = 10.335
2022-02-20 22:42:47,845 - DEBUG - findfont: score(<Font 'Microsoft YaHei' (msyhl.ttc) normal normal 290 normal>) = 10.1545
2022-02-20 22:42:47,846 - DEBUG - findfont: score(<Font 'Marlett' (marlett.ttf) normal normal 500 normal>) = 10.145
2022-02-20 22:42:47,846 - DEBUG - findfont: score(<Font 'ESRI Environmental & Icons' (esri_2.ttf) normal normal 400 normal>) = 10.05
2022-02-20 22:42:47,846 - DEBUG - findfont: score(<Font 'Microsoft YaHei' (msyhbd.ttc) normal normal 700 normal>) = 10.335
2022-02-20 22:42:47,846 - DEBUG - findfont: score(<Font 'Trebuchet MS' (trebucbd.ttf) normal normal 700 normal>) = 10.335
2022-02-20 22:42:47,846 - DEBUG - findfont: score(<Font 'ESRI ERS Infrastructures S1' (esri_832.ttf) normal normal 400 normal>) = 10.05
2022-02-20 22:42:47,846 - DEBUG - findfont: score(<Font 'Corbel' (corbelz.ttf) italic normal 700 normal>) = 11.335
2022-02-20 22:42:47,846 - DEBUG - findfont: score(<Font 'Comic Sans MS' (comicz.ttf) italic normal 700 normal>) = 11.335
2022-02-20 22:42:47,846 - DEBUG - findfont: score(<Font 'ESRI MilSym 05' (esri_25.ttf) normal normal 400 normal>) = 10.05
2022-02-20 22:42:47,846 - DEBUG - findfont: score(<Font 'STHupo' (STHUPO.TTF) normal normal 400 normal>) = 10.05
2022-02-20 22:42:47,846 - DEBUG - findfont: score(<Font 'Segoe UI' (seguili.ttf) italic normal 300 normal>) = 11.145
2022-02-20 22:42:47,846 - DEBUG - findfont: score(<Font 'ESRI Geology AGSO 1' (esri_500.ttf) normal normal 400 normal>) = 10.05
2022-02-20 22:42:47,846 - DEBUG - findfont: score(<Font 'Impact' (impact.ttf) normal normal 400 normal>) = 10.05
2022-02-20 22:42:47,846 - DEBUG - findfont: score(<Font 'Malgun Gothic' (malgunbd.ttf) normal normal 700 normal>) = 10.335
2022-02-20 22:42:47,846 - DEBUG - findfont: score(<Font 'ESRI MilSym 02' (esri_22.ttf) normal normal 400 normal>) = 10.05
2022-02-20 22:42:47,846 - DEBUG - findfont: score(<Font 'Adobe Devanagari' (AdobeDevanagari-BoldItalic.otf) italic normal 700 normal>) = 11.335
2022-02-20 22:42:47,846 - DEBUG - findfont: score(<Font 'ESRI SDS 1.95 1' (esri_130.ttf) normal normal 400 normal>) = 10.05
2022-02-20 22:42:47,846 - DEBUG - findfont: score(<Font 'Segoe UI' (seguibli.ttf) italic normal 900 normal>) = 11.525
2022-02-20 22:42:47,846 - DEBUG - findfont: score(<Font 'ESRI Ordnance Survey' (esri_121.ttf) normal normal 400 normal>) = 10.05
2022-02-20 22:42:47,846 - DEBUG - findfont: score(<Font 'Constantia' (constani.ttf) italic normal 400 normal>) = 11.05
2022-02-20 22:42:47,846 - DEBUG - findfont: score(<Font 'Wingdings 3' (WINGDNG3.TTF) normal normal 400 normal>) = 10.05
2022-02-20 22:42:47,847 - DEBUG - findfont: score(<Font 'Corbel' (corbelb.ttf) normal normal 700 normal>) = 10.335
2022-02-20 22:42:47,847 - DEBUG - findfont: score(<Font 'Gadugi' (gadugib.ttf) normal normal 700 normal>) = 10.335
2022-02-20 22:42:47,847 - DEBUG - findfont: score(<Font 'ESRI MilSym 03' (esri_23.ttf) normal normal 400 normal>) = 10.05
2022-02-20 22:42:47,847 - DEBUG - findfont: score(<Font 'Monotype Corsiva' (MTCORSVA.TTF) normal normal 400 normal>) = 10.05
2022-02-20 22:42:47,847 - DEBUG - findfont: score(<Font 'Consolas' (consolaz.ttf) italic normal 700 normal>) = 11.335
2022-02-20 22:42:47,847 - DEBUG - findfont: score(<Font 'ESRI MilSym 04' (esri_24.ttf) normal normal 400 normal>) = 10.05
2022-02-20 22:42:47,847 - DEBUG - findfont: score(<Font 'Nirmala UI' (NirmalaS.ttf) normal normal 350 normal>) = 10.0975
2022-02-20 22:42:47,847 - DEBUG - findfont: score(<Font 'Franklin Gothic Medium' (framd.ttf) normal normal 400 normal>) = 10.05
2022-02-20 22:42:47,847 - DEBUG - findfont: score(<Font 'ESRI Conservation' (esri_730.ttf) normal normal 400 normal>) = 10.05
2022-02-20 22:42:47,847 - DEBUG - findfont: score(<Font 'Ebrima' (ebrimabd.ttf) normal normal 700 normal>) = 10.335
2022-02-20 22:42:47,847 - DEBUG - findfont: score(<Font 'Book Antiqua' (ANTQUAB.TTF) normal normal 700 normal>) = 10.335
2022-02-20 22:42:47,847 - DEBUG - findfont: score(<Font 'ESRI MilRed 01' (esri_20.ttf) normal normal 400 normal>) = 10.05
2022-02-20 22:42:47,847 - DEBUG - findfont: score(<Font 'Dubai' (DUBAI-BOLD.TTF) normal normal 700 normal>) = 10.335
2022-02-20 22:42:47,847 - DEBUG - findfont: score(<Font 'Arial' (ARIALNB.TTF) normal normal 700 condensed>) = 6.8986363636363635
2022-02-20 22:42:47,847 - DEBUG - findfont: score(<Font 'Microsoft Uighur' (MSUIGHUR.TTF) normal normal 400 normal>) = 10.05
2022-02-20 22:42:47,847 - DEBUG - findfont: score(<Font 'Calibri' (calibriz.ttf) italic normal 700 normal>) = 11.335
2022-02-20 22:42:47,847 - DEBUG - findfont: score(<Font 'ESRI Enviro Hazard Sites' (esri_802.ttf) normal normal 400 normal>) = 10.05
2022-02-20 22:42:47,847 - DEBUG - findfont: score(<Font 'Courier New' (couri.ttf) italic normal 400 normal>) = 11.05
2022-02-20 22:42:47,847 - DEBUG - findfont: score(<Font 'ESRI US Forestry 2' (esri_652.ttf) normal normal 400 normal>) = 10.05
2022-02-20 22:42:47,848 - DEBUG - findfont: score(<Font 'ESRI IGL Font24' (esri_224.ttf) normal normal 400 normal>) = 10.05
2022-02-20 22:42:47,848 - DEBUG - findfont: score(<Font 'Segoe UI' (segoeui.ttf) normal normal 400 normal>) = 10.05
2022-02-20 22:42:47,848 - DEBUG - findfont: score(<Font 'Cambria' (cambriaz.ttf) italic normal 700 normal>) = 11.335
2022-02-20 22:42:47,848 - DEBUG - findfont: score(<Font 'Segoe UI Symbol' (seguisym.ttf) normal normal 400 normal>) = 10.05
2022-02-20 22:42:47,848 - DEBUG - findfont: score(<Font 'Sitka Small' (SitkaI.ttc) italic normal 400 normal>) = 11.05
2022-02-20 22:42:47,848 - DEBUG - findfont: score(<Font 'ESRI NIMA VMAP1&2 PT' (esri_14.ttf) normal normal 400 normal>) = 10.05
2022-02-20 22:42:47,848 - DEBUG - findfont: score(<Font 'Bookman Old Style' (BOOKOSBI.TTF) italic normal 600 normal>) = 11.24
2022-02-20 22:42:47,848 - DEBUG - findfont: score(<Font 'SimHei' (simhei.ttf) normal normal 400 normal>) = 10.05
2022-02-20 22:42:47,848 - DEBUG - findfont: score(<Font 'DengXian' (Dengl.ttf) normal normal 300 normal>) = 10.145
2022-02-20 22:42:47,848 - DEBUG - findfont: score(<Font 'Microsoft JhengHei' (msjhbd.ttc) normal normal 700 normal>) = 10.335
2022-02-20 22:42:47,848 - DEBUG - findfont: score(<Font 'Book Antiqua' (BKANT.TTF) normal normal 400 normal>) = 10.05
2022-02-20 22:42:47,848 - DEBUG - findfont: score(<Font 'Sylfaen' (sylfaen.ttf) normal normal 400 normal>) = 10.05
2022-02-20 22:42:47,848 - DEBUG - findfont: score(<Font 'ZWAdobeF' (ZWAdobeF.TTF) normal normal 400 normal>) = 10.05
2022-02-20 22:42:47,848 - DEBUG - findfont: score(<Font 'Bookshelf Symbol 7' (BSSYM7.TTF) normal normal 400 normal>) = 10.05
2022-02-20 22:42:47,848 - DEBUG - findfont: score(<Font 'Leelawadee UI' (LeelUIsl.ttf) normal normal 350 normal>) = 10.0975
2022-02-20 22:42:47,848 - DEBUG - findfont: score(<Font 'Microsoft PhagsPa' (phagspa.ttf) normal normal 400 normal>) = 10.05
2022-02-20 22:42:47,848 - DEBUG - findfont: score(<Font 'Javanese Text' (javatext.ttf) normal normal 400 normal>) = 10.05
2022-02-20 22:42:47,848 - DEBUG - findfont: score(<Font 'Microsoft Sans Serif' (micross.ttf) normal normal 400 normal>) = 10.05
2022-02-20 22:42:47,848 - DEBUG - findfont: score(<Font 'Consolas' (consolai.ttf) italic normal 400 normal>) = 11.05
2022-02-20 22:42:47,848 - DEBUG - findfont: score(<Font 'Nirmala UI' (Nirmala.ttf) normal normal 400 normal>) = 10.05
2022-02-20 22:42:47,849 - DEBUG - findfont: score(<Font 'STLiti' (STLITI.TTF) normal normal 400 normal>) = 10.05
2022-02-20 22:42:47,849 - DEBUG - findfont: score(<Font 'ESRI US MUTCD 3' (esri_49.ttf) normal normal 400 normal>) = 10.05
2022-02-20 22:42:47,849 - DEBUG - findfont: score(<Font 'ESRI AMFM Gas' (esri_151.ttf) normal normal 400 normal>) = 10.05
2022-02-20 22:42:47,849 - DEBUG - findfont: score(<Font 'Century Gothic' (GOTHIC.TTF) normal normal 400 normal>) = 10.05
2022-02-20 22:42:47,849 - DEBUG - findfont: score(<Font 'ESRI Telecom' (esri_160.ttf) normal normal 400 normal>) = 10.05
2022-02-20 22:42:47,849 - DEBUG - findfont: score(<Font 'ESRI IGL Font20' (esri_220.ttf) normal normal 400 normal>) = 10.05
2022-02-20 22:42:47,849 - DEBUG - findfont: score(<Font 'Courier New' (courbi.ttf) italic normal 700 normal>) = 11.335
2022-02-20 22:42:47,849 - DEBUG - findfont: score(<Font 'STCaiyun' (STCAIYUN.TTF) normal normal 400 normal>) = 10.05
2022-02-20 22:42:47,849 - DEBUG - findfont: score(<Font 'Century Gothic' (GOTHICBI.TTF) italic normal 700 normal>) = 11.335
2022-02-20 22:42:47,849 - DEBUG - findfont: score(<Font 'YouYuan' (SIMYOU.TTF) normal normal 400 normal>) = 10.05
2022-02-20 22:42:47,849 - DEBUG - findfont: score(<Font 'Franklin Gothic Medium' (framdit.ttf) italic normal 400 normal>) = 11.05
2022-02-20 22:42:47,849 - DEBUG - findfont: score(<Font 'Microsoft Uighur' (MSUIGHUB.TTF) normal normal 700 normal>) = 10.335
2022-02-20 22:42:47,849 - DEBUG - findfont: score(<Font 'Courier New' (courbd.ttf) normal normal 700 normal>) = 10.335
2022-02-20 22:42:47,849 - DEBUG - findfont: score(<Font 'LiSu' (SIMLI.TTF) normal normal 400 normal>) = 10.05
2022-02-20 22:42:47,849 - DEBUG - findfont: score(<Font 'Corbel' (corbell.ttf) normal normal 300 normal>) = 10.145
2022-02-20 22:42:47,849 - DEBUG - findfont: score(<Font 'MS Reference Sans Serif' (REFSAN.TTF) normal normal 400 normal>) = 10.05
2022-02-20 22:42:47,849 - DEBUG - findfont: score(<Font 'Microsoft Yi Baiti' (msyi.ttf) normal normal 400 normal>) = 10.05
2022-02-20 22:42:47,849 - DEBUG - findfont: score(<Font 'ESRI Commodities' (esri_406.ttf) normal normal 400 normal>) = 10.05
2022-02-20 22:42:47,849 - DEBUG - findfont: score(<Font 'Segoe Print' (segoeprb.ttf) normal normal 700 normal>) = 10.335
2022-02-20 22:42:47,849 - DEBUG - findfont: score(<Font 'ESRI MilMod 01' (esri_26.ttf) normal normal 400 normal>) = 10.05
2022-02-20 22:42:47,850 - DEBUG - findfont: score(<Font 'HoloLens MDL2 Assets' (holomdl2.ttf) normal normal 400 normal>) = 10.05
2022-02-20 22:42:47,850 - DEBUG - findfont: score(<Font 'Adobe Devanagari' (AdobeDevanagari-Bold.otf) normal normal 700 normal>) = 10.335
2022-02-20 22:42:47,850 - DEBUG - findfont: score(<Font 'Consolas' (consolab.ttf) normal normal 700 normal>) = 10.335
2022-02-20 22:42:47,850 - DEBUG - findfont: score(<Font 'ESRI IGL Font25' (esri_225.ttf) normal normal 400 normal>) = 10.05
2022-02-20 22:42:47,850 - DEBUG - findfont: score(<Font 'Candara' (Candaraz.ttf) italic normal 700 normal>) = 11.335
2022-02-20 22:42:47,850 - DEBUG - findfont: score(<Font 'Book Antiqua' (ANTQUAI.TTF) italic normal 400 normal>) = 11.05
2022-02-20 22:42:47,850 - DEBUG - findfont: score(<Font 'ESRI Arrowhead' (esri_144.ttf) normal normal 400 normal>) = 10.05
2022-02-20 22:42:47,850 - DEBUG - findfont: score(<Font 'Yu Gothic' (YuGothM.ttc) normal normal 500 normal>) = 10.145
2022-02-20 22:42:47,850 - DEBUG - findfont: score(<Font 'Arial' (ARIALNI.TTF) italic normal 400 condensed>) = 7.613636363636363
2022-02-20 22:42:47,850 - DEBUG - findfont: score(<Font 'Cambria' (cambria.ttc) normal normal 400 normal>) = 10.05
2022-02-20 22:42:47,850 - DEBUG - findfont: score(<Font 'Microsoft Tai Le' (taileb.ttf) normal normal 700 normal>) = 10.335
2022-02-20 22:42:47,850 - DEBUG - findfont: score(<Font 'Verdana' (verdanaz.ttf) italic normal 700 normal>) = 4.971363636363637
2022-02-20 22:42:47,850 - DEBUG - findfont: score(<Font 'Dubai' (DUBAI-LIGHT.TTF) normal normal 300 normal>) = 10.145
2022-02-20 22:42:47,850 - DEBUG - findfont: score(<Font 'Microsoft YaHei' (msyh.ttc) normal normal 400 normal>) = 10.05
2022-02-20 22:42:47,850 - DEBUG - findfont: score(<Font 'Segoe Script' (segoescb.ttf) normal normal 700 normal>) = 10.335
2022-02-20 22:42:47,850 - DEBUG - findfont: score(<Font 'Times New Roman' (timesbi.ttf) italic normal 700 normal>) = 11.335
2022-02-20 22:42:47,850 - DEBUG - findfont: score(<Font 'Sitka Small' (SitkaZ.ttc) italic normal 700 normal>) = 11.335
2022-02-20 22:42:47,850 - DEBUG - findfont: score(<Font 'ESRI IGL Font23' (esri_223.ttf) normal normal 400 normal>) = 10.05
2022-02-20 22:42:47,850 - DEBUG - findfont: score(<Font 'Adobe Devanagari' (AdobeDevanagari-Italic.otf) italic normal 400 normal>) = 11.05
2022-02-20 22:42:47,850 - DEBUG - findfont: score(<Font 'ESRI SDS 2.00 1' (esri_132.ttf) normal normal 400 normal>) = 10.05
2022-02-20 22:42:47,851 - DEBUG - findfont: score(<Font 'Bookman Old Style' (BOOKOSI.TTF) italic normal 300 normal>) = 11.145
2022-02-20 22:42:47,851 - DEBUG - findfont: Matching sans\-serif:style=normal:variant=normal:weight=normal:stretch=normal:size=10.0 to DejaVu Sans ('D:\\Download\\Anaconda3\\lib\\site-packages\\matplotlib\\mpl-data\\fonts\\ttf\\DejaVuSans.ttf') with score of 0.050000.
2022-02-20 22:43:16,070 - INFO - 'gbk' codec can't decode byte 0xa4 in position 81: illegal multibyte sequence
2022-02-20 22:43:16,072 - DEBUG - STREAM b'IHDR' 16 13
2022-02-20 22:43:16,072 - DEBUG - STREAM b'IDAT' 41 8192
2022-02-20 22:44:41,421 - INFO - 'gbk' codec can't decode byte 0xa4 in position 81: illegal multibyte sequence
2022-02-20 22:44:41,423 - DEBUG - STREAM b'IHDR' 16 13
2022-02-20 22:44:41,423 - DEBUG - STREAM b'IDAT' 41 8192
2022-02-20 22:48:19,583 - INFO - 'gbk' codec can't decode byte 0xa4 in position 81: illegal multibyte sequence
2022-02-20 22:48:19,585 - DEBUG - STREAM b'IHDR' 16 13
2022-02-20 22:48:19,585 - DEBUG - STREAM b'IDAT' 41 8192
2022-02-20 22:56:42,933 - INFO - 'gbk' codec can't decode byte 0xa4 in position 81: illegal multibyte sequence
2022-02-20 22:56:42,934 - DEBUG - STREAM b'IHDR' 16 13
2022-02-20 22:56:42,934 - DEBUG - STREAM b'IDAT' 41 8192
2022-02-20 23:08:09,965 - INFO - 'gbk' codec can't decode byte 0xa4 in position 81: illegal multibyte sequence
2022-02-20 23:08:09,966 - DEBUG - STREAM b'IHDR' 16 13
2022-02-20 23:08:09,966 - DEBUG - STREAM b'IDAT' 41 8192
